<?xml version="1.0" encoding="UTF-8"?>
<!-- Generated by org.testng.reporters.JUnitReportReporter -->
<testsuite hostname="shty-qc-wujj" name="JJ.JJtest.Baidu" tests="1" failures="0" timestamp="18 Oct 2017 08:32:40 GMT" time="0.975" errors="0">
  <testcase name="baidu" time="0.975" classname="JJ.JJtest.Baidu"/>
</testsuite> <!-- JJ.JJtest.Baidu -->
